Thu Oct 28 09:44:02 EDT 2021
-------------------------------------------------------------
SUMNER/WINTER EPILOGUE
-------------------------------------------------------------
Job ID: 11365389
Cluster: slurm_cluster
User/Group: root/jaxuser
State: COMPLETED (exit code 0)
Nodes: 1
Cores per node: 50
CPU Utilized: 1-04:23:09
CPU Efficiency: 56.71% of 2-02:03:20 core-walltime
Job Wall-clock time: 01:00:04
Memory Utilized: 109.26 GB
Memory Efficiency: 14.57% of 750.00 GB
-------------------------------------------------------------
       JobID  User   State    CPUTime Exit     MaxRSS        NodeList  Partition                   ReqTRES              Submit               Start                 End    Elapsed 
------------ ----- ------- ---------- ---- ---------- --------------- ---------- ------------------------- ------------------- ------------------- ------------------- ---------- 
11365389     c-pa+ COMPLE+ 2-02:03:20  0:0                  sumner020    compute billing=50,cpu=50,mem=76+ 2021-10-27T23:03:14 2021-10-28T09:44:01 2021-10-28T10:44:05   01:00:04 
11365389.ba+       COMPLE+ 2-02:03:20  0:0 111884.22M       sumner020                                      2021-10-28T09:44:01 2021-10-28T09:44:01 2021-10-28T10:44:05   01:00:04 
11365389.ex+       COMPLE+ 2-02:04:10  0:0      1.76M       sumner020                                      2021-10-28T09:44:01 2021-10-28T09:44:01 2021-10-28T10:44:06   01:00:05 
-------------------------------------------------------------
