Sun Nov 14 23:47:30 EST 2021
-------------------------------------------------------------
SUMNER/WINTER EPILOGUE
-------------------------------------------------------------
Job ID: 11705607
Cluster: slurm_cluster
User/Group: root/jaxuser
State: TIMEOUT (exit code 0)
Nodes: 1
Cores per node: 25
CPU Utilized: 74-19:17:45
CPU Efficiency: 99.73% of 75-00:10:00 core-walltime
Job Wall-clock time: 3-00:00:24
Memory Utilized: 889.64 GB
Memory Efficiency: 29.65% of 2.93 TB
-------------------------------------------------------------
       JobID  User   State    CPUTime Exit     MaxRSS        NodeList  Partition                   ReqTRES              Submit               Start                 End    Elapsed 
------------ ----- ------- ---------- ---- ---------- --------------- ---------- ------------------------- ------------------- ------------------- ------------------- ---------- 
11705607     c-pa+ TIMEOUT 75-00:10:00  0:0                  sumner114   high_mem billing=25,cpu=25,mem=30+ 2021-11-14T23:47:29 2021-11-14T23:47:30 2021-11-17T23:47:54 3-00:00:24 
11705607.ba+       CANCEL+ 75-00:35:25 0:15 910988.72M       sumner114                                      2021-11-14T23:47:30 2021-11-14T23:47:30 2021-11-17T23:48:55 3-00:01:25 
11705607.ex+       COMPLE+ 75-00:10:00  0:0      2.20M       sumner114                                      2021-11-14T23:47:30 2021-11-14T23:47:30 2021-11-17T23:47:54 3-00:00:24 
-------------------------------------------------------------
