-------------------------------------------------------------
SUMNER/WINTER EPILOGUE
-------------------------------------------------------------
Job ID: 11304799
Cluster: slurm_cluster
User/Group: root/jaxuser
State: CANCELLED (exit code 0)
Cores: 1
CPU Utilized: 00:31:56
CPU Efficiency: 98.71% of 00:32:21 core-walltime
Job Wall-clock time: 00:32:21
Memory Utilized: 3.36 MB
Memory Efficiency: 0.07% of 5.00 GB
-------------------------------------------------------------
       JobID  User   State    CPUTime Exit     MaxRSS        NodeList  Partition                   ReqTRES              Submit               Start                 End    Elapsed 
------------ ----- ------- ---------- ---- ---------- --------------- ---------- ------------------------- ------------------- ------------------- ------------------- ---------- 
11304799     c-pa+ CANCEL+   00:32:21  0:0                  sumner034    compute billing=1,cpu=1,mem=5120+ 2021-10-20T11:58:11 2021-10-20T11:58:11 2021-10-20T12:30:32   00:32:21 
11304799.ba+       CANCEL+   00:32:24 0:15      3.36M       sumner034                                      2021-10-20T11:58:11 2021-10-20T11:58:11 2021-10-20T12:30:35   00:32:24 
11304799.ex+       COMPLE+   00:32:21  0:0      1.58M       sumner034                                      2021-10-20T11:58:11 2021-10-20T11:58:11 2021-10-20T12:30:32   00:32:21 
-------------------------------------------------------------
