Mon Nov  1 09:15:01 EDT 2021
-------------------------------------------------------------
SUMNER/WINTER EPILOGUE
-------------------------------------------------------------
Job ID: 11426155
Cluster: slurm_cluster
User/Group: root/jaxuser
State: FAILED (exit code 1)
Nodes: 1
Cores per node: 50
CPU Utilized: 26-03:42:42
CPU Efficiency: 44.61% of 58-14:58:20 core-walltime
Job Wall-clock time: 1-04:08:22
Memory Utilized: 163.86 GB
Memory Efficiency: 81.93% of 200.00 GB
-------------------------------------------------------------
       JobID  User   State    CPUTime Exit     MaxRSS        NodeList  Partition                   ReqTRES              Submit               Start                 End    Elapsed 
------------ ----- ------- ---------- ---- ---------- --------------- ---------- ------------------------- ------------------- ------------------- ------------------- ---------- 
11426155     c-pa+  FAILED 58-14:58:20  1:0                  sumner092    compute billing=50,cpu=50,mem=20+ 2021-11-01T09:15:00 2021-11-01T09:15:01 2021-11-02T13:23:23 1-04:08:22 
11426155.ba+        FAILED 58-14:58:20  1:0 167791.21M       sumner092                                      2021-11-01T09:15:01 2021-11-01T09:15:01 2021-11-02T13:23:23 1-04:08:22 
11426155.ex+       COMPLE+ 58-14:58:20  0:0      1.58M       sumner092                                      2021-11-01T09:15:01 2021-11-01T09:15:01 2021-11-02T13:23:23 1-04:08:22 
-------------------------------------------------------------
