Mon Nov  1 13:51:42 EDT 2021
-------------------------------------------------------------
SUMNER/WINTER EPILOGUE
-------------------------------------------------------------
Job ID: 11429138
Cluster: slurm_cluster
User/Group: root/jaxuser
State: FAILED (exit code 1)
Nodes: 1
Cores per node: 50
CPU Utilized: 14:50:54
CPU Efficiency: 6.23% of 9-22:20:50 core-walltime
Job Wall-clock time: 04:46:01
Memory Utilized: 127.92 GB
Memory Efficiency: 42.64% of 300.00 GB
-------------------------------------------------------------
       JobID  User   State    CPUTime Exit     MaxRSS        NodeList  Partition                   ReqTRES              Submit               Start                 End    Elapsed 
------------ ----- ------- ---------- ---- ---------- --------------- ---------- ------------------------- ------------------- ------------------- ------------------- ---------- 
11429138     c-pa+  FAILED 9-22:20:50  1:0                  sumner077    compute billing=50,cpu=50,mem=30+ 2021-11-01T13:38:30 2021-11-01T13:51:42 2021-11-01T18:37:43   04:46:01 
11429138.ba+        FAILED 9-22:20:50  1:0 130989.96M       sumner077                                      2021-11-01T13:51:42 2021-11-01T13:51:42 2021-11-01T18:37:43   04:46:01 
11429138.ex+       COMPLE+ 9-22:20:50  0:0      1.76M       sumner077                                      2021-11-01T13:51:42 2021-11-01T13:51:42 2021-11-01T18:37:43   04:46:01 
-------------------------------------------------------------
