Sun Nov 14 23:47:30 EST 2021
-------------------------------------------------------------
SUMNER/WINTER EPILOGUE
-------------------------------------------------------------
Job ID: 11705608
Cluster: slurm_cluster
User/Group: root/jaxuser
State: COMPLETED (exit code 0)
Nodes: 1
Cores per node: 25
CPU Utilized: 30-18:08:57
CPU Efficiency: 99.44% of 30-22:20:25 core-walltime
Job Wall-clock time: 1-05:41:37
Memory Utilized: 735.12 GB
Memory Efficiency: 24.50% of 2.93 TB
-------------------------------------------------------------
       JobID  User   State    CPUTime Exit     MaxRSS        NodeList  Partition                   ReqTRES              Submit               Start                 End    Elapsed 
------------ ----- ------- ---------- ---- ---------- --------------- ---------- ------------------------- ------------------- ------------------- ------------------- ---------- 
11705608     c-pa+ COMPLE+ 30-22:20:25  0:0                  sumner115   high_mem billing=25,cpu=25,mem=30+ 2021-11-14T23:47:29 2021-11-14T23:47:30 2021-11-16T05:29:07 1-05:41:37 
11705608.ba+       COMPLE+ 30-22:20:25  0:0 752767.57M       sumner115                                      2021-11-14T23:47:30 2021-11-14T23:47:30 2021-11-16T05:29:07 1-05:41:37 
11705608.ex+       COMPLE+ 30-22:20:50  0:0      2.20M       sumner115                                      2021-11-14T23:47:30 2021-11-14T23:47:30 2021-11-16T05:29:08 1-05:41:38 
-------------------------------------------------------------
