Sun Oct 24 00:01:52 EDT 2021
-------------------------------------------------------------
SUMNER/WINTER EPILOGUE
-------------------------------------------------------------
Job ID: 11330448
Cluster: slurm_cluster
User/Group: root/jaxuser
State: COMPLETED (exit code 0)
Nodes: 1
Cores per node: 50
CPU Utilized: 12-19:46:59
CPU Efficiency: 98.29% of 13-01:09:10 core-walltime
Job Wall-clock time: 06:15:47
Memory Utilized: 616.04 GB
Memory Efficiency: 88.01% of 700.00 GB
-------------------------------------------------------------
       JobID  User   State    CPUTime Exit     MaxRSS        NodeList  Partition                   ReqTRES              Submit               Start                 End    Elapsed 
------------ ----- ------- ---------- ---- ---------- --------------- ---------- ------------------------- ------------------- ------------------- ------------------- ---------- 
11330448     c-pa+ COMPLE+ 13-01:09:10  0:0                  sumner044    compute billing=50,cpu=50,mem=71+ 2021-10-24T00:01:51 2021-10-24T00:01:52 2021-10-24T06:17:39   06:15:47 
11330448.ba+       COMPLE+ 13-01:09:10  0:0 630826.83M       sumner044                                      2021-10-24T00:01:52 2021-10-24T00:01:52 2021-10-24T06:17:39   06:15:47 
11330448.ex+       COMPLE+ 13-01:09:10  0:0      1.58M       sumner044                                      2021-10-24T00:01:52 2021-10-24T00:01:52 2021-10-24T06:17:39   06:15:47 
-------------------------------------------------------------
