Mon Nov  8 23:48:42 EST 2021
-------------------------------------------------------------
SUMNER/WINTER EPILOGUE
-------------------------------------------------------------
Job ID: 11648390
Cluster: slurm_cluster
User/Group: root/jaxuser
State: COMPLETED (exit code 0)
Cores: 1
CPU Utilized: 22:58:26
CPU Efficiency: 99.99% of 22:58:35 core-walltime
Job Wall-clock time: 22:58:35
Memory Utilized: 2.19 GB
Memory Efficiency: 10.94% of 20.00 GB
-------------------------------------------------------------
       JobID  User   State    CPUTime Exit     MaxRSS        NodeList  Partition                   ReqTRES              Submit               Start                 End    Elapsed 
------------ ----- ------- ---------- ---- ---------- --------------- ---------- ------------------------- ------------------- ------------------- ------------------- ---------- 
11648390     c-pa+ COMPLE+   22:58:35  0:0                  sumner039    compute billing=1,cpu=1,mem=2048+ 2021-11-08T23:48:41 2021-11-08T23:48:41 2021-11-09T22:47:16   22:58:35 
11648390.ba+       COMPLE+   22:58:35  0:0   2240.87M       sumner039                                      2021-11-08T23:48:41 2021-11-08T23:48:41 2021-11-09T22:47:16   22:58:35 
11648390.ex+       COMPLE+   22:58:36  0:0      1.58M       sumner039                                      2021-11-08T23:48:41 2021-11-08T23:48:41 2021-11-09T22:47:17   22:58:36 
-------------------------------------------------------------
