Mon Nov  8 23:48:42 EST 2021
-------------------------------------------------------------
SUMNER/WINTER EPILOGUE
-------------------------------------------------------------
Job ID: 11648392
Cluster: slurm_cluster
User/Group: root/jaxuser
State: COMPLETED (exit code 0)
Cores: 1
CPU Utilized: 01:52:11
CPU Efficiency: 99.96% of 01:52:14 core-walltime
Job Wall-clock time: 01:52:14
Memory Utilized: 2.10 GB
Memory Efficiency: 10.49% of 20.00 GB
-------------------------------------------------------------
       JobID  User   State    CPUTime Exit     MaxRSS        NodeList  Partition                   ReqTRES              Submit               Start                 End    Elapsed 
------------ ----- ------- ---------- ---- ---------- --------------- ---------- ------------------------- ------------------- ------------------- ------------------- ---------- 
11648392     c-pa+ COMPLE+   01:52:14  0:0                  sumner039    compute billing=1,cpu=1,mem=2048+ 2021-11-08T23:48:41 2021-11-08T23:48:41 2021-11-09T01:40:55   01:52:14 
11648392.ba+       COMPLE+   01:52:14  0:0   2148.57M       sumner039                                      2021-11-08T23:48:41 2021-11-08T23:48:41 2021-11-09T01:40:55   01:52:14 
11648392.ex+       COMPLE+   01:52:15  0:0      1.58M       sumner039                                      2021-11-08T23:48:41 2021-11-08T23:48:41 2021-11-09T01:40:56   01:52:15 
-------------------------------------------------------------
