Tue Nov  9 16:09:09 EST 2021
-------------------------------------------------------------
SUMNER/WINTER EPILOGUE
-------------------------------------------------------------
Job ID: 11661573
Cluster: slurm_cluster
User/Group: root/jaxuser
State: COMPLETED (exit code 0)
Cores: 1
CPU Utilized: 00:01:04
CPU Efficiency: 96.97% of 00:01:06 core-walltime
Job Wall-clock time: 00:01:06
Memory Utilized: 2.25 GB
Memory Efficiency: 45.07% of 5.00 GB
-------------------------------------------------------------
       JobID  User   State    CPUTime Exit     MaxRSS        NodeList  Partition                   ReqTRES              Submit               Start                 End    Elapsed 
------------ ----- ------- ---------- ---- ---------- --------------- ---------- ------------------------- ------------------- ------------------- ------------------- ---------- 
11661573     c-pa+ COMPLE+   00:01:06  0:0                  sumner103    compute billing=1,cpu=1,mem=5120+ 2021-11-09T16:09:09 2021-11-09T16:09:09 2021-11-09T16:10:15   00:01:06 
11661573.ba+       COMPLE+   00:01:06  0:0   2307.33M       sumner103                                      2021-11-09T16:09:09 2021-11-09T16:09:09 2021-11-09T16:10:15   00:01:06 
11661573.ex+       COMPLE+   00:01:06  0:0      1.58M       sumner103                                      2021-11-09T16:09:09 2021-11-09T16:09:09 2021-11-09T16:10:15   00:01:06 
-------------------------------------------------------------
