Wed Oct 13 15:07:45 EDT 2021
-------------------------------------------------------------
SUMNER/WINTER EPILOGUE
-------------------------------------------------------------
Job ID: 10936577
Cluster: slurm_cluster
User/Group: root/jaxuser
State: COMPLETED (exit code 0)
Nodes: 1
Cores per node: 50
CPU Utilized: 32-11:53:28
CPU Efficiency: 76.83% of 42-07:07:30 core-walltime
Job Wall-clock time: 20:18:09
Memory Utilized: 178.31 GB
Memory Efficiency: 118.87% of 150.00 GB
-------------------------------------------------------------
       JobID  User   State    CPUTime Exit     MaxRSS        NodeList  Partition                   ReqTRES              Submit               Start                 End    Elapsed 
------------ ----- ------- ---------- ---- ---------- --------------- ---------- ------------------------- ------------------- ------------------- ------------------- ---------- 
10936577     c-pa+ COMPLE+ 42-07:07:30  0:0                  sumner055    compute billing=50,cpu=50,mem=15+ 2021-10-13T15:07:44 2021-10-13T15:07:45 2021-10-14T11:25:54   20:18:09 
10936577.ba+       COMPLE+ 42-07:07:30  0:0 182590.65M       sumner055                                      2021-10-13T15:07:45 2021-10-13T15:07:45 2021-10-14T11:25:54   20:18:09 
10936577.ex+       COMPLE+ 42-07:08:20  0:0      1.76M       sumner055                                      2021-10-13T15:07:45 2021-10-13T15:07:45 2021-10-14T11:25:55   20:18:10 
-------------------------------------------------------------
