Fri Oct 15 00:16:26 EDT 2021
# ===============================================
## parameters: 
fast5_dir:
	/pod/2/li-lab/Ziwei/Nanopore/daily/test/test
recursively:
	yes
corrected_group:
	RawGenomeCorrected_001
basecall_subgroup:
	BaseCalled_template
reference_path:
	/pod/2/li-lab/Ziwei/Nanopore/data/reference/hg38.fa
is_dna:
	yes
normalize_method:
	mad
methy_label:
	1
kmer_len:
	17
cent_signals_len:
	360
motifs:
	CG
mod_loc:
	0
positions:
	None
write_path:
	/pod/2/li-lab/Ziwei/Nanopore/daily/2021-10-14/deepsignal_feature.tsv
w_is_dir:
	no
w_batch_num:
	200
nproc:
	10
f5_batch_num:
	100
# ===============================================
3 fast5 files in total..
parse the motifs string..
read genome reference file..
read position file if it is not None..
write_process started..
finishing the write_process..
1 of 3 fast5 files failed..
extract_features costs 27.5 seconds..
Fri Oct 15 00:16:57 EDT 2021
###DeepSignal testing is done!
-------------------------------------------------------------
SUMNER/WINTER EPILOGUE
-------------------------------------------------------------
Job ID: 11028511
Cluster: slurm_cluster
User/Group: root/jaxuser
State: COMPLETED (exit code 0)
Cores: 1
CPU Utilized: 00:00:26
CPU Efficiency: 81.25% of 00:00:32 core-walltime
Job Wall-clock time: 00:00:32
Memory Utilized: 5.35 GB
Memory Efficiency: 106.97% of 5.00 GB
-------------------------------------------------------------
       JobID  User   State    CPUTime Exit     MaxRSS        NodeList  Partition                   ReqTRES              Submit               Start                 End    Elapsed 
------------ ----- ------- ---------- ---- ---------- --------------- ---------- ------------------------- ------------------- ------------------- ------------------- ---------- 
11028511     c-pa+ COMPLE+   00:00:32  0:0                  sumner068    compute billing=1,cpu=1,mem=5120+ 2021-10-15T00:14:30 2021-10-15T00:16:26 2021-10-15T00:16:58   00:00:32 
11028511.ba+       COMPLE+   00:00:32  0:0   5476.85M       sumner068                                      2021-10-15T00:16:26 2021-10-15T00:16:26 2021-10-15T00:16:58   00:00:32 
11028511.ex+       COMPLE+   00:00:36  0:0      1.58M       sumner068                                      2021-10-15T00:16:26 2021-10-15T00:16:26 2021-10-15T00:17:02   00:00:36 
-------------------------------------------------------------
