Mon Oct 18 00:37:08 EDT 2021
lambda_5mC is done!
-------------------------------------------------------------
SUMNER/WINTER EPILOGUE
-------------------------------------------------------------
Job ID: 11280076
Cluster: slurm_cluster
User/Group: root/jaxuser
State: OUT_OF_MEMORY (exit code 0)
Cores: 1
CPU Utilized: 10:53:29
CPU Efficiency: 90.10% of 12:05:15 core-walltime
Job Wall-clock time: 12:05:15
Memory Utilized: 120.02 GB
Memory Efficiency: 100.02% of 120.00 GB
-------------------------------------------------------------
       JobID  User   State    CPUTime Exit     MaxRSS        NodeList  Partition                   ReqTRES              Submit               Start                 End    Elapsed 
------------ ----- ------- ---------- ---- ---------- --------------- ---------- ------------------------- ------------------- ------------------- ------------------- ---------- 
11280076     c-pa+ OUT_OF+   12:05:15 0:1+                  sumner014    compute billing=1,cpu=1,mem=1228+ 2021-10-18T00:37:08 2021-10-18T00:37:08 2021-10-18T12:42:23   12:05:15 
11280076.ba+       OUT_OF+   12:05:15 0:1+ 122903.10M       sumner014                                      2021-10-18T00:37:08 2021-10-18T00:37:08 2021-10-18T12:42:23   12:05:15 
11280076.ex+       COMPLE+   12:05:16  0:0      1.58M       sumner014                                      2021-10-18T00:37:08 2021-10-18T00:37:08 2021-10-18T12:42:24   12:05:16 
-------------------------------------------------------------
