Mon Oct 18 00:37:08 EDT 2021
Loading input...
Extracting features from nanopore reads...
File 77d1b6e0-f234-43e0-84b7-697cb98def63.fast5 didn't have event info

File 77d1b6e0-f234-43e0-84b7-697cb98def63.fast5 didn't have alignment info
File 80b8f2b0-c8b3-4a35-8bfc-cbdc04c84211.fast5 didn't have event info

File 80b8f2b0-c8b3-4a35-8bfc-cbdc04c84211.fast5 didn't have alignment info
File 2136fd75-1913-4e4b-9f2c-3a9b9298f67e.fast5 didn't have event info

File 2136fd75-1913-4e4b-9f2c-3a9b9298f67e.fast5 didn't have alignment info
File 984c941a-b1a8-4ac0-8842-19d13e2e2fe9.fast5 didn't have event info

File 984c941a-b1a8-4ac0-8842-19d13e2e2fe9.fast5 didn't have alignment info
File 35995cee-1b35-4a95-a116-2ec338532b51.fast5 didn't have event info

File 35995cee-1b35-4a95-a116-2ec338532b51.fast5 didn't have alignment info
File 04fa8c70-6d8c-4365-9b3b-367555d94a55.fast5 didn't have event info

File 04fa8c70-6d8c-4365-9b3b-367555d94a55.fast5 didn't have alignment info
File 8ece5e09-5aa6-4c93-b25a-cbd5dd717ca3.fast5 didn't have event info

File 8ece5e09-5aa6-4c93-b25a-cbd5dd717ca3.fast5 didn't have alignment info
File 9ef2564f-b88c-487e-824c-b0904e4ebe60.fast5 didn't have event info

File 9ef2564f-b88c-487e-824c-b0904e4ebe60.fast5 didn't have alignment info
File 063d4f86-26a2-4bdd-8f7a-645087f2f109.fast5 didn't have event info

File 063d4f86-26a2-4bdd-8f7a-645087f2f109.fast5 didn't have alignment info
File 990e11cf-6d93-4514-a65f-8a8e6789bb38.fast5 didn't have event info

File 990e11cf-6d93-4514-a65f-8a8e6789bb38.fast5 didn't have alignment info
File 38e30d51-7df3-4155-83a5-979cd7961e13.fast5 didn't have event info

File 38e30d51-7df3-4155-83a5-979cd7961e13.fast5 didn't have alignment info
File f6045462-df91-4d13-9199-6dd8af9e64fc.fast5 didn't have event info

File f6045462-df91-4d13-9199-6dd8af9e64fc.fast5 didn't have alignment info
File 44cc6328-02fa-4f7b-9ad7-900849f00a48.fast5 didn't have event info

File 44cc6328-02fa-4f7b-9ad7-900849f00a48.fast5 didn't have alignment info
File 3f681d8d-9ca8-4dcd-9699-83f8fb6f8404.fast5 didn't have event info

File 3f681d8d-9ca8-4dcd-9699-83f8fb6f8404.fast5 didn't have alignment info
File f22268be-e11c-433e-8810-7b970675b8d1.fast5 didn't have event info

File f22268be-e11c-433e-8810-7b970675b8d1.fast5 didn't have alignment info
File 164727fe-1c1c-4674-8fad-560d4a768b15.fast5 didn't have event info

File 164727fe-1c1c-4674-8fad-560d4a768b15.fast5 didn't have alignment info
File 19d737de-aec0-439b-bb36-c154d7b1af66.fast5 didn't have event info

File 19d737de-aec0-439b-bb36-c154d7b1af66.fast5 didn't have alignment info
File 38dc0319-70eb-4b7d-86c5-1ff9d038960e.fast5 didn't have event info

File 38dc0319-70eb-4b7d-86c5-1ff9d038960e.fast5 didn't have alignment info
File 345dc300-f340-49ef-b423-3d194ab51c44.fast5 didn't have event info

File 345dc300-f340-49ef-b423-3d194ab51c44.fast5 didn't have alignment info
File 95ba8392-be74-485f-8bf0-c1921b3e2a42.fast5 didn't have event info

File 95ba8392-be74-485f-8bf0-c1921b3e2a42.fast5 didn't have alignment info
File 0894a522-eb20-450f-a523-5c5e536f030a.fast5 didn't have event info

File 0894a522-eb20-450f-a523-5c5e536f030a.fast5 didn't have alignment info
File 901d24a7-782f-48fa-9fbf-34642fd979f0.fast5 didn't have event info

File 901d24a7-782f-48fa-9fbf-34642fd979f0.fast5 didn't have alignment info
File a6e4412c-5b51-4db1-89ef-81aa26d83433.fast5 didn't have event info

File a6e4412c-5b51-4db1-89ef-81aa26d83433.fast5 didn't have alignment info
File 5410dcaf-8dad-4833-885b-57cccb2f21a5.fast5 didn't have event info

File 5410dcaf-8dad-4833-885b-57cccb2f21a5.fast5 didn't have alignment info
File 96e1a5b7-86d2-4680-b0fe-fec013e9270a.fast5 didn't have event info

File 96e1a5b7-86d2-4680-b0fe-fec013e9270a.fast5 didn't have alignment info
File 7e5f54c9-fb4a-46cc-b5db-8a3ee8d3edfe.fast5 didn't have event info

File 7e5f54c9-fb4a-46cc-b5db-8a3ee8d3edfe.fast5 didn't have alignment info
File 47358efd-b24c-4786-81d7-d32076102e77.fast5 didn't have event info

File 47358efd-b24c-4786-81d7-d32076102e77.fast5 didn't have alignment info
File a8346b2f-b41c-403d-9654-053573c72070.fast5 didn't have event info

File a8346b2f-b41c-403d-9654-053573c72070.fast5 didn't have alignment info
File 94045cc9-76e3-40a6-82dd-66f92d144d75.fast5 didn't have event info

File 94045cc9-76e3-40a6-82dd-66f92d144d75.fast5 didn't have alignment info
File 45b8d3c1-adf4-459d-ad72-15f92b4ffab0.fast5 didn't have event info

File 45b8d3c1-adf4-459d-ad72-15f92b4ffab0.fast5 didn't have alignment info
File 121fc4f0-1db2-4d71-aa96-30732efd00a4.fast5 didn't have event info

File 121fc4f0-1db2-4d71-aa96-30732efd00a4.fast5 didn't have alignment info
File b77fd1b2-4392-49ef-a694-c8322997f743.fast5 didn't have event info

File b77fd1b2-4392-49ef-a694-c8322997f743.fast5 didn't have alignment info
File 0bf36888-4f08-41be-99a4-768de46b3b20.fast5 didn't have event info

File 0bf36888-4f08-41be-99a4-768de46b3b20.fast5 didn't have alignment info
Batch feature extraction is done..
Saving features to file...
finishing the write_process..
33/13155 fast5 files failed.
extract_feature costs 34792.19 seconds.
lamba_5C is done!
-------------------------------------------------------------
SUMNER/WINTER EPILOGUE
-------------------------------------------------------------
Job ID: 11280075
Cluster: slurm_cluster
User/Group: root/jaxuser
State: COMPLETED (exit code 0)
Cores: 1
CPU Utilized: 09:06:25
CPU Efficiency: 94.17% of 09:40:14 core-walltime
Job Wall-clock time: 09:40:14
Memory Utilized: 120.02 GB
Memory Efficiency: 100.02% of 120.00 GB
-------------------------------------------------------------
       JobID  User   State    CPUTime Exit     MaxRSS        NodeList  Partition                   ReqTRES              Submit               Start                 End    Elapsed 
------------ ----- ------- ---------- ---- ---------- --------------- ---------- ------------------------- ------------------- ------------------- ------------------- ---------- 
11280075     c-pa+ COMPLE+   09:40:14  0:0                  sumner016    compute billing=1,cpu=1,mem=1228+ 2021-10-18T00:37:08 2021-10-18T00:37:08 2021-10-18T10:17:22   09:40:14 
11280075.ba+       COMPLE+   09:40:14  0:0 122903.02M       sumner016                                      2021-10-18T00:37:08 2021-10-18T00:37:08 2021-10-18T10:17:22   09:40:14 
11280075.ex+       COMPLE+   09:40:21  0:0      0.34M       sumner016                                      2021-10-18T00:37:08 2021-10-18T00:37:08 2021-10-18T10:17:29   09:40:21 
-------------------------------------------------------------
