Mon Oct 11 18:35:12 EDT 2021
-------------------------------------------------------------
SUMNER/WINTER EPILOGUE
-------------------------------------------------------------
Job ID: 10916994
Cluster: slurm_cluster
User/Group: root/jaxuser
State: COMPLETED (exit code 0)
Nodes: 1
Cores per node: 25
CPU Utilized: 8-16:33:11
CPU Efficiency: 50.04% of 17-08:46:15 core-walltime
Job Wall-clock time: 16:40:15
Memory Utilized: 93.41 GB
Memory Efficiency: 62.27% of 150.00 GB
-------------------------------------------------------------
       JobID  User   State    CPUTime Exit     MaxRSS        NodeList  Partition                   ReqTRES              Submit               Start                 End    Elapsed 
------------ ----- ------- ---------- ---- ---------- --------------- ---------- ------------------------- ------------------- ------------------- ------------------- ---------- 
10916994     c-pa+ COMPLE+ 17-08:46:15  0:0                  sumner063    compute billing=25,cpu=25,mem=15+ 2021-10-11T18:35:12 2021-10-11T18:35:12 2021-10-12T11:15:27   16:40:15 
10916994.ba+       COMPLE+ 17-08:46:15  0:0  95652.53M       sumner063                                      2021-10-11T18:35:12 2021-10-11T18:35:12 2021-10-12T11:15:27   16:40:15 
10916994.ex+       COMPLE+ 17-08:46:40  0:0      1.76M       sumner063                                      2021-10-11T18:35:12 2021-10-11T18:35:12 2021-10-12T11:15:28   16:40:16 
-------------------------------------------------------------
