Fri Oct 22 16:02:11 EDT 2021
-------------------------------------------------------------
SUMNER/WINTER EPILOGUE
-------------------------------------------------------------
Job ID: 11324863
Cluster: slurm_cluster
User/Group: root/jaxuser
State: COMPLETED (exit code 0)
Nodes: 1
Cores per node: 50
CPU Utilized: 2-18:30:50
CPU Efficiency: 97.50% of 2-20:13:20 core-walltime
Job Wall-clock time: 01:21:52
Memory Utilized: 466.85 GB
Memory Efficiency: 62.25% of 750.00 GB
-------------------------------------------------------------
       JobID  User   State    CPUTime Exit     MaxRSS        NodeList  Partition                   ReqTRES              Submit               Start                 End    Elapsed 
------------ ----- ------- ---------- ---- ---------- --------------- ---------- ------------------------- ------------------- ------------------- ------------------- ---------- 
11324863     c-pa+ COMPLE+ 2-20:13:20  0:0                  sumner088    compute billing=50,cpu=50,mem=76+ 2021-10-22T15:07:24 2021-10-22T16:02:11 2021-10-22T17:24:03   01:21:52 
11324863.ba+       COMPLE+ 2-20:13:20  0:0 478051.14M       sumner088                                      2021-10-22T16:02:11 2021-10-22T16:02:11 2021-10-22T17:24:03   01:21:52 
11324863.ex+       COMPLE+ 2-20:13:20  0:0      1.58M       sumner088                                      2021-10-22T16:02:11 2021-10-22T16:02:11 2021-10-22T17:24:03   01:21:52 
-------------------------------------------------------------
