Sun Oct 31 18:16:18 EDT 2021
-------------------------------------------------------------
SUMNER/WINTER EPILOGUE
-------------------------------------------------------------
Job ID: 11415979
Cluster: slurm_cluster
User/Group: root/jaxuser
State: CANCELLED (exit code 0)
Cores: 1
CPU Utilized: 2-04:35:05
CPU Efficiency: 99.98% of 2-04:35:40 core-walltime
Job Wall-clock time: 2-04:35:40
Memory Utilized: 162.80 GB
Memory Efficiency: 81.40% of 200.00 GB
-------------------------------------------------------------
       JobID  User   State    CPUTime Exit     MaxRSS        NodeList  Partition                   ReqTRES              Submit               Start                 End    Elapsed 
------------ ----- ------- ---------- ---- ---------- --------------- ---------- ------------------------- ------------------- ------------------- ------------------- ---------- 
11415979     c-pa+ CANCEL+ 2-04:35:40  0:0                  sumner069    compute billing=1,cpu=1,mem=2048+ 2021-10-31T18:16:17 2021-10-31T18:16:18 2021-11-02T22:51:58 2-04:35:40 
11415979.ba+       CANCEL+ 2-04:36:11 0:15 166712.08M       sumner069                                      2021-10-31T18:16:18 2021-10-31T18:16:18 2021-11-02T22:52:29 2-04:36:11 
11415979.ex+       COMPLE+ 2-04:35:40  0:0      1.58M       sumner069                                      2021-10-31T18:16:18 2021-10-31T18:16:18 2021-11-02T22:51:58 2-04:35:40 
-------------------------------------------------------------
