Mon Nov  8 23:48:42 EST 2021
-------------------------------------------------------------
SUMNER/WINTER EPILOGUE
-------------------------------------------------------------
Job ID: 11648393
Cluster: slurm_cluster
User/Group: root/jaxuser
State: COMPLETED (exit code 0)
Cores: 1
CPU Utilized: 00:03:00
CPU Efficiency: 97.83% of 00:03:04 core-walltime
Job Wall-clock time: 00:03:04
Memory Utilized: 1.98 GB
Memory Efficiency: 39.58% of 5.00 GB
-------------------------------------------------------------
       JobID  User   State    CPUTime Exit     MaxRSS        NodeList  Partition                   ReqTRES              Submit               Start                 End    Elapsed 
------------ ----- ------- ---------- ---- ---------- --------------- ---------- ------------------------- ------------------- ------------------- ------------------- ---------- 
11648393     c-pa+ COMPLE+   00:03:04  0:0                  sumner022    compute billing=1,cpu=1,mem=5120+ 2021-11-08T23:48:41 2021-11-08T23:48:41 2021-11-08T23:51:45   00:03:04 
11648393.ba+       COMPLE+   00:03:04  0:0   2026.27M       sumner022                                      2021-11-08T23:48:41 2021-11-08T23:48:41 2021-11-08T23:51:45   00:03:04 
11648393.ex+       COMPLE+   00:03:04  0:0      1.58M       sumner022                                      2021-11-08T23:48:41 2021-11-08T23:48:41 2021-11-08T23:51:45   00:03:04 
-------------------------------------------------------------
