Mon Nov  8 23:48:42 EST 2021
-------------------------------------------------------------
SUMNER/WINTER EPILOGUE
-------------------------------------------------------------
Job ID: 11648391
Cluster: slurm_cluster
User/Group: root/jaxuser
State: RUNNING
Cores: 1
CPU Utilized: 02:32:06
CPU Efficiency: 99.96% of 02:32:10 core-walltime
Job Wall-clock time: 02:32:10
Memory Utilized: 2.12 GB
Memory Efficiency: 10.58% of 20.00 GB
WARNING: Efficiency statistics may be misleading for RUNNING jobs.
-------------------------------------------------------------
       JobID  User   State    CPUTime Exit     MaxRSS        NodeList  Partition                   ReqTRES              Submit               Start                 End    Elapsed 
------------ ----- ------- ---------- ---- ---------- --------------- ---------- ------------------------- ------------------- ------------------- ------------------- ---------- 
11648391     c-pa+ RUNNING   02:32:10  0:0                  sumner072    compute billing=1,cpu=1,mem=2048+ 2021-11-08T23:48:41 2021-11-08T23:48:41             Unknown   02:32:10 
11648391.ba+       COMPLE+   02:32:09  0:0   2167.37M       sumner072                                      2021-11-08T23:48:41 2021-11-08T23:48:41 2021-11-09T02:20:50   02:32:09 
11648391.ex+       RUNNING   02:32:10  0:0                  sumner072                                      2021-11-08T23:48:41 2021-11-08T23:48:41             Unknown   02:32:10 
-------------------------------------------------------------
